2024-08-26 19:13:53,580 - 225 - werkzeug - WARNING -  * Debugger is active!
2024-08-26 19:13:54,054 - 225 - werkzeug - INFO -  * Debugger PIN: 525-192-228
2024-08-26 19:13:59,292 - 225 - werkzeug - WARNING -  * Running on all addresses.
   WARNING: This is a development server. Do not use it in a production deployment.
2024-08-26 19:13:59,293 - 225 - werkzeug - INFO -  * Running on http://192.168.1.102:5000/ (Press CTRL+C to quit)
2024-08-26 19:14:03,210 - 70 - root - INFO - Entered initiate_data_ingestion method of Data_Ingestion class
2024-08-26 19:14:03,210 - 39 - root - INFO - Exporting data from mongodb
2024-08-26 19:14:03,212 - 24 - root - INFO - Entered the data access method
2024-08-26 19:14:09,327 - 46 - root - INFO - Saving exported data into feature store file path: artifacts\08_26_2024_19_13_50\data_ingestion
2024-08-26 19:14:09,327 - 74 - root - INFO - Exporting collections as DataFrames
2024-08-26 19:14:09,327 - 36 - root - INFO - Fetching collection names from the database
2024-08-26 19:14:11,470 - 38 - root - INFO - Collection names: ['thyroid_ann']
2024-08-26 19:14:11,471 - 48 - root - INFO - Fetching data from collection: thyroid_ann
2024-08-26 19:14:14,313 - 64 - root - INFO - Data fetch from collection: thyroid_ann completed
2024-08-26 19:14:14,320 - 48 - root - INFO - Shape of thyroid_ann: (3772, 22)
2024-08-26 19:14:14,591 - 53 - root - INFO - data uploaded in the corresponding file locationartifacts\08_26_2024_19_13_50\data_ingestion\thyroid_ann.csv
2024-08-26 19:14:14,623 - 75 - root - INFO - Got the data from mongodb
2024-08-26 19:14:14,624 - 77 - root - INFO - Exited initiate_data_ingestion method of Data_Ingestion class
2024-08-26 19:14:14,624 - 24 - root - INFO - Entered into DataValidation class
2024-08-26 19:14:14,624 - 28 - root - INFO - Exited from DataValidation class
2024-08-26 19:14:14,624 - 125 - root - INFO - Entered initiate_data_validation method of Data_Validation class
2024-08-26 19:14:14,624 - 98 - root - INFO - Entered into validate_raw_files
2024-08-26 19:14:14,625 - 79 - root - INFO - Entered into get_raw_batch_files_paths
2024-08-26 19:14:14,625 - 32 - root - INFO - Entered into valuesFromSchema
2024-08-26 19:14:14,936 - 46 - root - INFO - Entered into validate_file_name
2024-08-26 19:14:14,937 - 57 - root - INFO - Entered into validate_no_of_columns
2024-08-26 19:14:15,488 - 66 - root - INFO - Entered into validate_missing_values_in_whole_column
2024-08-26 19:14:15,550 - 108 - root - INFO - File: artifacts\08_26_2024_19_13_50\data_ingestion\thyroid_ann.csv - Name Validation: True, Column Count Validation: True, Missing Value Validation: True
2024-08-26 19:14:15,550 - 89 - root - INFO - Entered into move_raw_files_to_validation_dir
2024-08-26 19:14:15,578 - 106 - root - INFO - Unwanted spaces removal Successful.Exited the remove_unwanted_spaces method of the Preprocessor class
2024-08-26 19:14:22,499 - 135 - root - INFO - Obtaining preprocessing object
2024-08-26 19:14:22,578 - 103 - root - INFO - Categorical columns: ['v2', 'v3', 'v4', 'v5', 'v6', 'v7', 'v8', 'v9', 'v10', 'v11', 'v12', 'v13', 'v14', 'v15', 'v16']
2024-08-26 19:14:22,578 - 104 - root - INFO - Numerical discrete  columns: []
2024-08-26 19:14:22,578 - 105 - root - INFO - Numerical continuous columns: ['v1', 'v17', 'v18', 'v19', 'v20', 'v21']
2024-08-26 19:14:22,602 - 144 - root - INFO - Applying preprocessing object on training and testing dataframes.
2024-08-26 19:14:23,260 - 151 - root - INFO - Saving preprocessing object.
2024-08-26 19:14:23,265 - 41 - root - INFO - Entered the save_object method of MainUtils class
2024-08-26 19:14:23,298 - 47 - root - INFO - Exited the save_object method of MainUtils class
2024-08-26 19:14:23,298 - 157 - root - INFO - Storing test and train data
2024-08-26 19:14:24,018 - 188 - root - INFO - Splitting training and testing input and target feature
2024-08-26 19:14:24,018 - 190 - root - INFO - Extracting model config file path
2024-08-26 19:14:24,018 - 56 - root - INFO - Entered the load_object method of MainUtils class
2024-08-26 19:14:24,242 - 62 - root - INFO - Exited the load_object method of MainUtils class
2024-08-26 19:14:24,243 - 194 - root - INFO - Extracting model config file path
2024-08-26 19:15:07,293 - 70 - root - INFO - Entered initiate_data_ingestion method of Data_Ingestion class
2024-08-26 19:15:07,293 - 39 - root - INFO - Exporting data from mongodb
2024-08-26 19:15:07,294 - 24 - root - INFO - Entered the data access method
2024-08-26 19:15:08,319 - 46 - root - INFO - Saving exported data into feature store file path: artifacts\08_26_2024_19_13_50\data_ingestion
2024-08-26 19:15:08,319 - 74 - root - INFO - Exporting collections as DataFrames
2024-08-26 19:15:08,319 - 36 - root - INFO - Fetching collection names from the database
2024-08-26 19:15:14,495 - 38 - root - INFO - Collection names: ['thyroid_ann']
2024-08-26 19:15:14,496 - 48 - root - INFO - Fetching data from collection: thyroid_ann
2024-08-26 19:15:18,457 - 64 - root - INFO - Data fetch from collection: thyroid_ann completed
2024-08-26 19:15:18,497 - 48 - root - INFO - Shape of thyroid_ann: (3772, 22)
2024-08-26 19:15:18,651 - 53 - root - INFO - data uploaded in the corresponding file locationartifacts\08_26_2024_19_13_50\data_ingestion\thyroid_ann.csv
2024-08-26 19:15:18,652 - 75 - root - INFO - Got the data from mongodb
2024-08-26 19:15:18,652 - 77 - root - INFO - Exited initiate_data_ingestion method of Data_Ingestion class
2024-08-26 19:15:18,652 - 24 - root - INFO - Entered into DataValidation class
2024-08-26 19:15:18,652 - 28 - root - INFO - Exited from DataValidation class
2024-08-26 19:15:18,653 - 125 - root - INFO - Entered initiate_data_validation method of Data_Validation class
2024-08-26 19:15:18,653 - 98 - root - INFO - Entered into validate_raw_files
2024-08-26 19:15:18,653 - 79 - root - INFO - Entered into get_raw_batch_files_paths
2024-08-26 19:15:18,653 - 32 - root - INFO - Entered into valuesFromSchema
2024-08-26 19:15:18,654 - 46 - root - INFO - Entered into validate_file_name
2024-08-26 19:15:18,655 - 57 - root - INFO - Entered into validate_no_of_columns
2024-08-26 19:15:18,723 - 66 - root - INFO - Entered into validate_missing_values_in_whole_column
2024-08-26 19:15:18,776 - 108 - root - INFO - File: artifacts\08_26_2024_19_13_50\data_ingestion\thyroid_ann.csv - Name Validation: True, Column Count Validation: True, Missing Value Validation: True
2024-08-26 19:15:18,777 - 89 - root - INFO - Entered into move_raw_files_to_validation_dir
2024-08-26 19:15:18,827 - 106 - root - INFO - Unwanted spaces removal Successful.Exited the remove_unwanted_spaces method of the Preprocessor class
2024-08-26 19:15:19,449 - 135 - root - INFO - Obtaining preprocessing object
2024-08-26 19:15:19,502 - 103 - root - INFO - Categorical columns: ['v2', 'v3', 'v4', 'v5', 'v6', 'v7', 'v8', 'v9', 'v10', 'v11', 'v12', 'v13', 'v14', 'v15', 'v16']
2024-08-26 19:15:19,502 - 104 - root - INFO - Numerical discrete  columns: []
2024-08-26 19:15:19,503 - 105 - root - INFO - Numerical continuous columns: ['v1', 'v17', 'v18', 'v19', 'v20', 'v21']
2024-08-26 19:15:19,513 - 144 - root - INFO - Applying preprocessing object on training and testing dataframes.
2024-08-26 19:15:19,736 - 151 - root - INFO - Saving preprocessing object.
2024-08-26 19:15:19,737 - 41 - root - INFO - Entered the save_object method of MainUtils class
2024-08-26 19:15:19,768 - 47 - root - INFO - Exited the save_object method of MainUtils class
2024-08-26 19:15:19,768 - 157 - root - INFO - Storing test and train data
2024-08-26 19:15:21,202 - 188 - root - INFO - Splitting training and testing input and target feature
2024-08-26 19:15:21,202 - 190 - root - INFO - Extracting model config file path
2024-08-26 19:15:21,202 - 56 - root - INFO - Entered the load_object method of MainUtils class
2024-08-26 19:15:21,205 - 62 - root - INFO - Exited the load_object method of MainUtils class
2024-08-26 19:15:21,205 - 194 - root - INFO - Extracting model config file path
2024-08-26 19:26:34,211 - 229 - root - INFO - Best found model on both training and testing dataset
2024-08-26 19:26:34,211 - 236 - root - INFO - Saving model at path: artifacts\08_26_2024_19_13_50\model_trainer\trained_model\model.pkl
2024-08-26 19:26:34,213 - 41 - root - INFO - Entered the save_object method of MainUtils class
2024-08-26 19:26:34,232 - 47 - root - INFO - Exited the save_object method of MainUtils class
2024-08-26 19:26:36,653 - 229 - root - INFO - Best found model on both training and testing dataset
2024-08-26 19:26:36,654 - 236 - root - INFO - Saving model at path: artifacts\08_26_2024_19_13_50\model_trainer\trained_model\model.pkl
2024-08-26 19:26:36,654 - 41 - root - INFO - Entered the save_object method of MainUtils class
2024-08-26 19:26:36,665 - 47 - root - INFO - Exited the save_object method of MainUtils class
2024-08-26 19:26:38,869 - 1254 - botocore.credentials - INFO - Found credentials in shared credentials file: ~/.aws/credentials
2024-08-26 19:26:39,253 - 225 - werkzeug - INFO - 127.0.0.1 - - [26/Aug/2024 19:26:39] "[35m[1mGET /train HTTP/1.1[0m" 500 -
2024-08-26 19:26:41,814 - 225 - werkzeug - INFO - 127.0.0.1 - - [26/Aug/2024 19:26:41] "GET /train?__debugger__=yes&cmd=resource&f=style.css HTTP/1.1" 200 -
2024-08-26 19:26:44,211 - 225 - werkzeug - INFO - 127.0.0.1 - - [26/Aug/2024 19:26:44] "GET /train?__debugger__=yes&cmd=resource&f=debugger.js HTTP/1.1" 200 -
2024-08-26 19:26:45,775 - 225 - werkzeug - INFO - 127.0.0.1 - - [26/Aug/2024 19:26:45] "GET /train?__debugger__=yes&cmd=resource&f=ubuntu.ttf HTTP/1.1" 200 -
2024-08-26 19:26:45,954 - 225 - werkzeug - INFO - 127.0.0.1 - - [26/Aug/2024 19:26:45] "GET /train?__debugger__=yes&cmd=resource&f=console.png HTTP/1.1" 200 -
2024-08-26 19:26:46,020 - 225 - werkzeug - INFO - 127.0.0.1 - - [26/Aug/2024 19:26:46] "GET /train?__debugger__=yes&cmd=resource&f=console.png HTTP/1.1" 200 -
