2024-08-25 09:45:35,726 - 225 - werkzeug - WARNING -  * Debugger is active!
2024-08-25 09:45:36,041 - 225 - werkzeug - INFO -  * Debugger PIN: 525-192-228
2024-08-25 09:45:38,337 - 225 - werkzeug - INFO -  * Running on http://127.0.0.1:5000/ (Press CTRL+C to quit)
2024-08-25 09:49:33,115 - 70 - root - INFO - Entered initiate_data_ingestion method of Data_Ingestion class
2024-08-25 09:49:33,389 - 39 - root - INFO - Exporting data from mongodb
2024-08-25 09:49:33,391 - 24 - root - INFO - Entered the data access method
2024-08-25 09:50:10,003 - 46 - root - INFO - Saving exported data into feature store file path: artifacts\08_25_2024_09_45_34\data_ingestion
2024-08-25 09:50:10,004 - 74 - root - INFO - Exporting collections as DataFrames
2024-08-25 09:50:10,004 - 36 - root - INFO - Fetching collection names from the database
2024-08-25 09:50:15,195 - 38 - root - INFO - Collection names: ['thyroid_ann']
2024-08-25 09:50:15,195 - 48 - root - INFO - Fetching data from collection: thyroid_ann
2024-08-25 09:50:54,055 - 64 - root - INFO - Data fetch from collection: thyroid_ann completed
2024-08-25 09:50:54,063 - 48 - root - INFO - Shape of thyroid_ann: (3772, 22)
2024-08-25 09:50:54,641 - 53 - root - INFO - data uploaded in the corresponding file locationartifacts\08_25_2024_09_45_34\data_ingestion\thyroid_ann.csv
2024-08-25 09:50:54,666 - 75 - root - INFO - Got the data from mongodb
2024-08-25 09:50:54,666 - 77 - root - INFO - Exited initiate_data_ingestion method of Data_Ingestion class
2024-08-25 09:50:54,666 - 24 - root - INFO - Entered into DataValidation class
2024-08-25 09:50:54,666 - 28 - root - INFO - Exited from DataValidation class
2024-08-25 09:50:54,666 - 125 - root - INFO - Entered initiate_data_validation method of Data_Validation class
2024-08-25 09:50:54,666 - 98 - root - INFO - Entered into validate_raw_files
2024-08-25 09:50:54,666 - 79 - root - INFO - Entered into get_raw_batch_files_paths
2024-08-25 09:50:54,667 - 32 - root - INFO - Entered into valuesFromSchema
2024-08-25 09:50:55,140 - 46 - root - INFO - Entered into validate_file_name
2024-08-25 09:50:55,141 - 57 - root - INFO - Entered into validate_no_of_columns
2024-08-25 09:50:55,556 - 66 - root - INFO - Entered into validate_missing_values_in_whole_column
2024-08-25 09:50:55,585 - 108 - root - INFO - File: artifacts\08_25_2024_09_45_34\data_ingestion\thyroid_ann.csv - Name Validation: True, Column Count Validation: True, Missing Value Validation: True
2024-08-25 09:50:55,585 - 89 - root - INFO - Entered into move_raw_files_to_validation_dir
2024-08-25 09:50:55,610 - 106 - root - INFO - Unwanted spaces removal Successful.Exited the remove_unwanted_spaces method of the Preprocessor class
2024-08-25 09:51:05,755 - 135 - root - INFO - Obtaining preprocessing object
2024-08-25 09:51:05,807 - 103 - root - INFO - Categorical columns: ['Query on Thyroxine', 'On Antithyroid Medication', 'Sick', 'Pregnant', 'Thyroid Surgery', 'I131 Treatment', 'Query Hypothyroid', 'Query Hyperthyroid', 'Lithium', 'Goiter', 'Tumor', 'Hypopituitary', 'Psych', 'TSH Measured', 'TSH']
2024-08-25 09:51:05,807 - 104 - root - INFO - Numerical discrete  columns: []
2024-08-25 09:51:05,807 - 105 - root - INFO - Numerical continuous columns: ['On Thyroxine', 'T3', 'TT4', 'T4U', 'FTI', 'Age']
2024-08-25 09:51:05,828 - 144 - root - INFO - Applying preprocessing object on training and testing dataframes.
2024-08-25 09:51:06,261 - 151 - root - INFO - Saving preprocessing object.
2024-08-25 09:51:06,310 - 41 - root - INFO - Entered the save_object method of MainUtils class
2024-08-25 09:51:06,351 - 47 - root - INFO - Exited the save_object method of MainUtils class
2024-08-25 09:51:06,352 - 157 - root - INFO - Storing test and train data
2024-08-25 09:51:07,196 - 191 - root - INFO - Splitting training and testing input and target feature
2024-08-25 09:51:07,196 - 193 - root - INFO - Extracting model config file path
2024-08-25 09:51:07,196 - 56 - root - INFO - Entered the load_object method of MainUtils class
2024-08-25 09:51:07,395 - 62 - root - INFO - Exited the load_object method of MainUtils class
2024-08-25 09:51:07,395 - 197 - root - INFO - Extracting model config file path
2024-08-25 09:56:53,172 - 232 - root - INFO - Best found model on both training and testing dataset
2024-08-25 09:56:53,173 - 239 - root - INFO - Saving model at path: artifacts\08_25_2024_09_45_34\model_trainer\trained_model\model.pkl
2024-08-25 09:56:53,174 - 41 - root - INFO - Entered the save_object method of MainUtils class
2024-08-25 09:56:53,199 - 47 - root - INFO - Exited the save_object method of MainUtils class
2024-08-25 09:56:53,205 - 225 - werkzeug - INFO - 127.0.0.1 - - [25/Aug/2024 09:56:53] "GET /train HTTP/1.1" 200 -
2024-08-25 09:56:56,308 - 225 - werkzeug - INFO - 127.0.0.1 - - [25/Aug/2024 09:56:56] "[33mGET /favicon.ico HTTP/1.1[0m" 404 -
2024-08-25 10:06:10,375 - 225 - werkzeug - INFO - 127.0.0.1 - - [25/Aug/2024 10:06:10] "[33mGET /train/predict HTTP/1.1[0m" 404 -
2024-08-25 10:06:24,749 - 225 - werkzeug - INFO - 127.0.0.1 - - [25/Aug/2024 10:06:24] "GET /predict HTTP/1.1" 200 -
2024-08-25 10:06:25,750 - 225 - werkzeug - INFO - 127.0.0.1 - - [25/Aug/2024 10:06:25] "GET /static/css/style.css HTTP/1.1" 200 -
2024-08-25 10:06:26,112 - 225 - werkzeug - INFO - 127.0.0.1 - - [25/Aug/2024 10:06:26] "[33mGET /script.js HTTP/1.1[0m" 404 -
2024-08-25 10:07:04,561 - 67 - root - INFO - Directory created or exists: prediction_artifacts
2024-08-25 10:07:04,663 - 71 - root - INFO - Saving file to: prediction_artifacts\test_ann.csv
2024-08-25 10:07:04,771 - 56 - root - INFO - Entered the load_object method of MainUtils class
2024-08-25 10:07:04,826 - 62 - root - INFO - Exited the load_object method of MainUtils class
2024-08-25 10:07:04,826 - 42 - root - INFO - Entered predict method of srcTruckModel class
2024-08-25 10:07:04,826 - 45 - root - INFO - Using the trained model to get predictions
2024-08-25 10:07:04,847 - 49 - root - INFO - Used the trained model to get predictions
2024-08-25 10:07:05,088 - 108 - root - INFO - predictions completed. 
2024-08-25 10:07:05,088 - 35 - root - INFO - prediction completed. Downloading prediction file.
2024-08-25 10:07:05,130 - 225 - werkzeug - INFO - 127.0.0.1 - - [25/Aug/2024 10:07:05] "POST /predict HTTP/1.1" 200 -
