2024-08-25 23:41:36,692 - 225 - werkzeug - WARNING -  * Debugger is active!
2024-08-25 23:41:37,016 - 225 - werkzeug - INFO -  * Debugger PIN: 525-192-228
2024-08-25 23:41:37,752 - 225 - werkzeug - INFO -  * Running on http://127.0.0.1:5000/ (Press CTRL+C to quit)
2024-08-25 23:42:07,051 - 70 - root - INFO - Entered initiate_data_ingestion method of Data_Ingestion class
2024-08-25 23:42:07,052 - 39 - root - INFO - Exporting data from mongodb
2024-08-25 23:42:07,055 - 24 - root - INFO - Entered the data access method
2024-08-25 23:42:13,391 - 46 - root - INFO - Saving exported data into feature store file path: artifacts\08_25_2024_23_41_34\data_ingestion
2024-08-25 23:42:13,391 - 74 - root - INFO - Exporting collections as DataFrames
2024-08-25 23:42:13,392 - 36 - root - INFO - Fetching collection names from the database
2024-08-25 23:42:15,307 - 38 - root - INFO - Collection names: ['thyroid_ann']
2024-08-25 23:42:15,307 - 48 - root - INFO - Fetching data from collection: thyroid_ann
2024-08-25 23:42:17,565 - 225 - werkzeug - INFO - 127.0.0.1 - - [25/Aug/2024 23:42:17] "GET / HTTP/1.1" 200 -
2024-08-25 23:42:19,044 - 64 - root - INFO - Data fetch from collection: thyroid_ann completed
2024-08-25 23:42:19,050 - 48 - root - INFO - Shape of thyroid_ann: (3772, 22)
2024-08-25 23:42:19,128 - 53 - root - INFO - data uploaded in the corresponding file locationartifacts\08_25_2024_23_41_34\data_ingestion\thyroid_ann.csv
2024-08-25 23:42:19,140 - 75 - root - INFO - Got the data from mongodb
2024-08-25 23:42:19,140 - 77 - root - INFO - Exited initiate_data_ingestion method of Data_Ingestion class
2024-08-25 23:42:19,140 - 24 - root - INFO - Entered into DataValidation class
2024-08-25 23:42:19,140 - 28 - root - INFO - Exited from DataValidation class
2024-08-25 23:42:19,140 - 125 - root - INFO - Entered initiate_data_validation method of Data_Validation class
2024-08-25 23:42:19,141 - 98 - root - INFO - Entered into validate_raw_files
2024-08-25 23:42:19,141 - 79 - root - INFO - Entered into get_raw_batch_files_paths
2024-08-25 23:42:19,180 - 32 - root - INFO - Entered into valuesFromSchema
2024-08-25 23:42:19,268 - 46 - root - INFO - Entered into validate_file_name
2024-08-25 23:42:19,269 - 57 - root - INFO - Entered into validate_no_of_columns
2024-08-25 23:42:19,343 - 66 - root - INFO - Entered into validate_missing_values_in_whole_column
2024-08-25 23:42:19,359 - 108 - root - INFO - File: artifacts\08_25_2024_23_41_34\data_ingestion\thyroid_ann.csv - Name Validation: True, Column Count Validation: True, Missing Value Validation: True
2024-08-25 23:42:19,359 - 89 - root - INFO - Entered into move_raw_files_to_validation_dir
2024-08-25 23:42:19,435 - 106 - root - INFO - Unwanted spaces removal Successful.Exited the remove_unwanted_spaces method of the Preprocessor class
2024-08-25 23:42:21,130 - 135 - root - INFO - Obtaining preprocessing object
2024-08-25 23:42:21,151 - 103 - root - INFO - Categorical columns: ['v2', 'v3', 'v4', 'v5', 'v6', 'v7', 'v8', 'v9', 'v10', 'v11', 'v12', 'v13', 'v14', 'v15', 'v16']
2024-08-25 23:42:21,151 - 104 - root - INFO - Numerical discrete  columns: []
2024-08-25 23:42:21,151 - 105 - root - INFO - Numerical continuous columns: ['v1', 'v17', 'v18', 'v19', 'v20', 'v21']
2024-08-25 23:42:21,160 - 144 - root - INFO - Applying preprocessing object on training and testing dataframes.
2024-08-25 23:42:21,227 - 151 - root - INFO - Saving preprocessing object.
2024-08-25 23:42:21,234 - 41 - root - INFO - Entered the save_object method of MainUtils class
2024-08-25 23:42:21,425 - 47 - root - INFO - Exited the save_object method of MainUtils class
2024-08-25 23:42:21,425 - 157 - root - INFO - Storing test and train data
2024-08-25 23:42:22,000 - 188 - root - INFO - Splitting training and testing input and target feature
2024-08-25 23:42:22,000 - 190 - root - INFO - Extracting model config file path
2024-08-25 23:42:22,001 - 56 - root - INFO - Entered the load_object method of MainUtils class
2024-08-25 23:42:22,003 - 62 - root - INFO - Exited the load_object method of MainUtils class
2024-08-25 23:42:22,003 - 194 - root - INFO - Extracting model config file path
2024-08-25 23:42:22,231 - 70 - root - INFO - Entered initiate_data_ingestion method of Data_Ingestion class
2024-08-25 23:42:22,231 - 39 - root - INFO - Exporting data from mongodb
2024-08-25 23:42:22,232 - 24 - root - INFO - Entered the data access method
2024-08-25 23:42:22,394 - 46 - root - INFO - Saving exported data into feature store file path: artifacts\08_25_2024_23_41_34\data_ingestion
2024-08-25 23:42:22,394 - 74 - root - INFO - Exporting collections as DataFrames
2024-08-25 23:42:22,394 - 36 - root - INFO - Fetching collection names from the database
2024-08-25 23:42:23,284 - 38 - root - INFO - Collection names: ['thyroid_ann']
2024-08-25 23:42:23,285 - 48 - root - INFO - Fetching data from collection: thyroid_ann
2024-08-25 23:42:28,204 - 64 - root - INFO - Data fetch from collection: thyroid_ann completed
2024-08-25 23:42:28,213 - 48 - root - INFO - Shape of thyroid_ann: (3772, 22)
2024-08-25 23:42:28,309 - 53 - root - INFO - data uploaded in the corresponding file locationartifacts\08_25_2024_23_41_34\data_ingestion\thyroid_ann.csv
2024-08-25 23:42:28,310 - 75 - root - INFO - Got the data from mongodb
2024-08-25 23:42:28,310 - 77 - root - INFO - Exited initiate_data_ingestion method of Data_Ingestion class
2024-08-25 23:42:28,310 - 24 - root - INFO - Entered into DataValidation class
2024-08-25 23:42:28,310 - 28 - root - INFO - Exited from DataValidation class
2024-08-25 23:42:28,311 - 125 - root - INFO - Entered initiate_data_validation method of Data_Validation class
2024-08-25 23:42:28,311 - 98 - root - INFO - Entered into validate_raw_files
2024-08-25 23:42:28,311 - 79 - root - INFO - Entered into get_raw_batch_files_paths
2024-08-25 23:42:28,313 - 32 - root - INFO - Entered into valuesFromSchema
2024-08-25 23:42:28,313 - 46 - root - INFO - Entered into validate_file_name
2024-08-25 23:42:28,314 - 57 - root - INFO - Entered into validate_no_of_columns
2024-08-25 23:42:28,357 - 66 - root - INFO - Entered into validate_missing_values_in_whole_column
2024-08-25 23:42:28,395 - 108 - root - INFO - File: artifacts\08_25_2024_23_41_34\data_ingestion\thyroid_ann.csv - Name Validation: True, Column Count Validation: True, Missing Value Validation: True
2024-08-25 23:42:28,396 - 89 - root - INFO - Entered into move_raw_files_to_validation_dir
2024-08-25 23:42:28,420 - 106 - root - INFO - Unwanted spaces removal Successful.Exited the remove_unwanted_spaces method of the Preprocessor class
2024-08-25 23:42:28,461 - 135 - root - INFO - Obtaining preprocessing object
2024-08-25 23:42:28,498 - 103 - root - INFO - Categorical columns: ['v2', 'v3', 'v4', 'v5', 'v6', 'v7', 'v8', 'v9', 'v10', 'v11', 'v12', 'v13', 'v14', 'v15', 'v16']
2024-08-25 23:42:28,498 - 104 - root - INFO - Numerical discrete  columns: []
2024-08-25 23:42:28,498 - 105 - root - INFO - Numerical continuous columns: ['v1', 'v17', 'v18', 'v19', 'v20', 'v21']
2024-08-25 23:42:28,509 - 144 - root - INFO - Applying preprocessing object on training and testing dataframes.
2024-08-25 23:42:28,620 - 151 - root - INFO - Saving preprocessing object.
2024-08-25 23:42:28,621 - 41 - root - INFO - Entered the save_object method of MainUtils class
2024-08-25 23:42:28,626 - 47 - root - INFO - Exited the save_object method of MainUtils class
2024-08-25 23:42:28,627 - 157 - root - INFO - Storing test and train data
2024-08-25 23:42:29,721 - 188 - root - INFO - Splitting training and testing input and target feature
2024-08-25 23:42:29,723 - 190 - root - INFO - Extracting model config file path
2024-08-25 23:42:29,723 - 56 - root - INFO - Entered the load_object method of MainUtils class
2024-08-25 23:42:29,727 - 62 - root - INFO - Exited the load_object method of MainUtils class
2024-08-25 23:42:29,727 - 194 - root - INFO - Extracting model config file path
2024-08-25 23:52:52,729 - 229 - root - INFO - Best found model on both training and testing dataset
2024-08-25 23:52:52,729 - 236 - root - INFO - Saving model at path: artifacts\08_25_2024_23_41_34\model_trainer\trained_model\model.pkl
2024-08-25 23:52:52,730 - 41 - root - INFO - Entered the save_object method of MainUtils class
2024-08-25 23:52:52,744 - 47 - root - INFO - Exited the save_object method of MainUtils class
2024-08-25 23:53:01,610 - 229 - root - INFO - Best found model on both training and testing dataset
2024-08-25 23:53:01,611 - 236 - root - INFO - Saving model at path: artifacts\08_25_2024_23_41_34\model_trainer\trained_model\model.pkl
2024-08-25 23:53:01,611 - 41 - root - INFO - Entered the save_object method of MainUtils class
2024-08-25 23:53:01,636 - 47 - root - INFO - Exited the save_object method of MainUtils class
2024-08-25 23:53:09,003 - 1254 - botocore.credentials - INFO - Found credentials in shared credentials file: ~/.aws/credentials
2024-08-25 23:53:09,377 - 225 - werkzeug - INFO - 127.0.0.1 - - [25/Aug/2024 23:53:09] "[35m[1mGET /train HTTP/1.1[0m" 500 -
2024-08-25 23:53:19,408 - 225 - werkzeug - INFO - 127.0.0.1 - - [25/Aug/2024 23:53:19] "GET /train HTTP/1.1" 200 -
2024-08-25 23:54:42,785 - 225 - werkzeug - INFO - 127.0.0.1 - - [25/Aug/2024 23:54:42] "GET /predict HTTP/1.1" 200 -
2024-08-25 23:54:43,052 - 225 - werkzeug - INFO - 127.0.0.1 - - [25/Aug/2024 23:54:43] "[33mGET /script.js HTTP/1.1[0m" 404 -
2024-08-25 23:54:43,299 - 225 - werkzeug - INFO - 127.0.0.1 - - [25/Aug/2024 23:54:43] "GET /static/css/style.css HTTP/1.1" 200 -
2024-08-25 23:55:02,662 - 70 - root - INFO - Directory created or exists: prediction_artifacts
2024-08-25 23:55:03,404 - 74 - root - INFO - Saving file to: prediction_artifacts\test_ann.csv
2024-08-25 23:55:10,367 - 225 - werkzeug - INFO - 127.0.0.1 - - [25/Aug/2024 23:55:10] "[35m[1mPOST /predict HTTP/1.1[0m" 500 -
2024-08-25 23:55:15,875 - 225 - werkzeug - INFO - 127.0.0.1 - - [25/Aug/2024 23:55:15] "GET /predict?__debugger__=yes&cmd=resource&f=style.css HTTP/1.1" 200 -
2024-08-25 23:55:20,053 - 225 - werkzeug - INFO - 127.0.0.1 - - [25/Aug/2024 23:55:20] "GET /predict?__debugger__=yes&cmd=resource&f=debugger.js HTTP/1.1" 200 -
2024-08-25 23:55:21,330 - 225 - werkzeug - INFO - 127.0.0.1 - - [25/Aug/2024 23:55:21] "GET /predict?__debugger__=yes&cmd=resource&f=console.png HTTP/1.1" 200 -
2024-08-25 23:55:21,391 - 225 - werkzeug - INFO - 127.0.0.1 - - [25/Aug/2024 23:55:21] "GET /predict?__debugger__=yes&cmd=resource&f=ubuntu.ttf HTTP/1.1" 200 -
2024-08-25 23:55:21,446 - 225 - werkzeug - INFO - 127.0.0.1 - - [25/Aug/2024 23:55:21] "GET /predict?__debugger__=yes&cmd=resource&f=console.png HTTP/1.1" 200 -
2024-08-26 00:01:27,650 - 225 - werkzeug - INFO -  * Detected change in 'c:\\users\\sai kiran\\onedrive\\desktop\\thyroid_detection\\src\\pipeline\\predict_pipeline.py', reloading
