2024-08-26 10:44:26,619 - 225 - werkzeug - WARNING -  * Debugger is active!
2024-08-26 10:44:26,794 - 225 - werkzeug - INFO -  * Debugger PIN: 525-192-228
2024-08-26 10:44:28,156 - 225 - werkzeug - WARNING -  * Running on all addresses.
   WARNING: This is a development server. Do not use it in a production deployment.
2024-08-26 10:44:28,157 - 225 - werkzeug - INFO -  * Running on http://192.168.28.84:5000/ (Press CTRL+C to quit)
2024-08-26 10:45:59,930 - 70 - root - INFO - Entered initiate_data_ingestion method of Data_Ingestion class
2024-08-26 10:45:59,930 - 39 - root - INFO - Exporting data from mongodb
2024-08-26 10:46:00,072 - 24 - root - INFO - Entered the data access method
2024-08-26 10:46:03,713 - 46 - root - INFO - Saving exported data into feature store file path: artifacts\08_26_2024_10_44_22\data_ingestion
2024-08-26 10:46:03,713 - 74 - root - INFO - Exporting collections as DataFrames
2024-08-26 10:46:03,713 - 36 - root - INFO - Fetching collection names from the database
2024-08-26 10:46:06,580 - 38 - root - INFO - Collection names: ['thyroid_ann']
2024-08-26 10:46:06,580 - 48 - root - INFO - Fetching data from collection: thyroid_ann
2024-08-26 10:46:15,305 - 64 - root - INFO - Data fetch from collection: thyroid_ann completed
2024-08-26 10:46:15,314 - 48 - root - INFO - Shape of thyroid_ann: (3772, 22)
2024-08-26 10:46:15,513 - 53 - root - INFO - data uploaded in the corresponding file locationartifacts\08_26_2024_10_44_22\data_ingestion\thyroid_ann.csv
2024-08-26 10:46:15,513 - 75 - root - INFO - Got the data from mongodb
2024-08-26 10:46:15,513 - 77 - root - INFO - Exited initiate_data_ingestion method of Data_Ingestion class
2024-08-26 10:46:15,513 - 24 - root - INFO - Entered into DataValidation class
2024-08-26 10:46:15,513 - 28 - root - INFO - Exited from DataValidation class
2024-08-26 10:46:15,515 - 125 - root - INFO - Entered initiate_data_validation method of Data_Validation class
2024-08-26 10:46:15,515 - 98 - root - INFO - Entered into validate_raw_files
2024-08-26 10:46:15,515 - 79 - root - INFO - Entered into get_raw_batch_files_paths
2024-08-26 10:46:15,516 - 32 - root - INFO - Entered into valuesFromSchema
2024-08-26 10:46:15,575 - 46 - root - INFO - Entered into validate_file_name
2024-08-26 10:46:15,576 - 57 - root - INFO - Entered into validate_no_of_columns
2024-08-26 10:46:16,318 - 66 - root - INFO - Entered into validate_missing_values_in_whole_column
2024-08-26 10:46:16,344 - 108 - root - INFO - File: artifacts\08_26_2024_10_44_22\data_ingestion\thyroid_ann.csv - Name Validation: True, Column Count Validation: True, Missing Value Validation: True
2024-08-26 10:46:16,344 - 89 - root - INFO - Entered into move_raw_files_to_validation_dir
2024-08-26 10:46:16,378 - 106 - root - INFO - Unwanted spaces removal Successful.Exited the remove_unwanted_spaces method of the Preprocessor class
2024-08-26 10:46:18,720 - 135 - root - INFO - Obtaining preprocessing object
2024-08-26 10:46:18,757 - 103 - root - INFO - Categorical columns: ['v2', 'v3', 'v4', 'v5', 'v6', 'v7', 'v8', 'v9', 'v10', 'v11', 'v12', 'v13', 'v14', 'v15', 'v16']
2024-08-26 10:46:18,757 - 104 - root - INFO - Numerical discrete  columns: []
2024-08-26 10:46:18,758 - 105 - root - INFO - Numerical continuous columns: ['v1', 'v17', 'v18', 'v19', 'v20', 'v21']
2024-08-26 10:46:18,773 - 144 - root - INFO - Applying preprocessing object on training and testing dataframes.
2024-08-26 10:46:18,884 - 151 - root - INFO - Saving preprocessing object.
2024-08-26 10:46:18,888 - 41 - root - INFO - Entered the save_object method of MainUtils class
2024-08-26 10:46:18,918 - 47 - root - INFO - Exited the save_object method of MainUtils class
2024-08-26 10:46:18,918 - 157 - root - INFO - Storing test and train data
2024-08-26 10:46:20,028 - 188 - root - INFO - Splitting training and testing input and target feature
2024-08-26 10:46:20,029 - 190 - root - INFO - Extracting model config file path
2024-08-26 10:46:20,029 - 56 - root - INFO - Entered the load_object method of MainUtils class
2024-08-26 10:46:20,032 - 62 - root - INFO - Exited the load_object method of MainUtils class
2024-08-26 10:46:20,032 - 194 - root - INFO - Extracting model config file path
2024-08-26 10:46:28,427 - 225 - werkzeug - INFO - 192.168.28.84 - - [26/Aug/2024 10:46:28] "GET / HTTP/1.1" 200 -
2024-08-26 10:46:29,743 - 225 - werkzeug - INFO - 192.168.28.84 - - [26/Aug/2024 10:46:29] "[33mGET /favicon.ico HTTP/1.1[0m" 404 -
2024-08-26 10:46:36,881 - 70 - root - INFO - Entered initiate_data_ingestion method of Data_Ingestion class
2024-08-26 10:46:36,882 - 39 - root - INFO - Exporting data from mongodb
2024-08-26 10:46:36,883 - 24 - root - INFO - Entered the data access method
2024-08-26 10:46:41,449 - 46 - root - INFO - Saving exported data into feature store file path: artifacts\08_26_2024_10_44_22\data_ingestion
2024-08-26 10:46:41,450 - 74 - root - INFO - Exporting collections as DataFrames
2024-08-26 10:46:41,450 - 36 - root - INFO - Fetching collection names from the database
2024-08-26 10:46:42,531 - 38 - root - INFO - Collection names: ['thyroid_ann']
2024-08-26 10:46:42,531 - 48 - root - INFO - Fetching data from collection: thyroid_ann
2024-08-26 10:46:44,214 - 64 - root - INFO - Data fetch from collection: thyroid_ann completed
2024-08-26 10:46:44,227 - 48 - root - INFO - Shape of thyroid_ann: (3772, 22)
2024-08-26 10:46:44,347 - 53 - root - INFO - data uploaded in the corresponding file locationartifacts\08_26_2024_10_44_22\data_ingestion\thyroid_ann.csv
2024-08-26 10:46:44,350 - 75 - root - INFO - Got the data from mongodb
2024-08-26 10:46:44,352 - 77 - root - INFO - Exited initiate_data_ingestion method of Data_Ingestion class
2024-08-26 10:46:44,356 - 24 - root - INFO - Entered into DataValidation class
2024-08-26 10:46:44,357 - 28 - root - INFO - Exited from DataValidation class
2024-08-26 10:46:44,357 - 125 - root - INFO - Entered initiate_data_validation method of Data_Validation class
2024-08-26 10:46:44,357 - 98 - root - INFO - Entered into validate_raw_files
2024-08-26 10:46:44,357 - 79 - root - INFO - Entered into get_raw_batch_files_paths
2024-08-26 10:46:44,358 - 32 - root - INFO - Entered into valuesFromSchema
2024-08-26 10:46:44,358 - 46 - root - INFO - Entered into validate_file_name
2024-08-26 10:46:44,358 - 57 - root - INFO - Entered into validate_no_of_columns
2024-08-26 10:46:44,445 - 66 - root - INFO - Entered into validate_missing_values_in_whole_column
2024-08-26 10:46:44,472 - 108 - root - INFO - File: artifacts\08_26_2024_10_44_22\data_ingestion\thyroid_ann.csv - Name Validation: True, Column Count Validation: True, Missing Value Validation: True
2024-08-26 10:46:44,473 - 89 - root - INFO - Entered into move_raw_files_to_validation_dir
2024-08-26 10:46:44,504 - 106 - root - INFO - Unwanted spaces removal Successful.Exited the remove_unwanted_spaces method of the Preprocessor class
2024-08-26 10:46:44,546 - 135 - root - INFO - Obtaining preprocessing object
2024-08-26 10:46:44,576 - 103 - root - INFO - Categorical columns: ['v2', 'v3', 'v4', 'v5', 'v6', 'v7', 'v8', 'v9', 'v10', 'v11', 'v12', 'v13', 'v14', 'v15', 'v16']
2024-08-26 10:46:44,576 - 104 - root - INFO - Numerical discrete  columns: []
2024-08-26 10:46:44,576 - 105 - root - INFO - Numerical continuous columns: ['v1', 'v17', 'v18', 'v19', 'v20', 'v21']
2024-08-26 10:46:44,588 - 144 - root - INFO - Applying preprocessing object on training and testing dataframes.
2024-08-26 10:46:44,843 - 151 - root - INFO - Saving preprocessing object.
2024-08-26 10:46:44,844 - 41 - root - INFO - Entered the save_object method of MainUtils class
2024-08-26 10:46:44,876 - 47 - root - INFO - Exited the save_object method of MainUtils class
2024-08-26 10:46:44,876 - 157 - root - INFO - Storing test and train data
2024-08-26 10:46:46,271 - 188 - root - INFO - Splitting training and testing input and target feature
2024-08-26 10:46:46,271 - 190 - root - INFO - Extracting model config file path
2024-08-26 10:46:46,271 - 56 - root - INFO - Entered the load_object method of MainUtils class
2024-08-26 10:46:46,275 - 62 - root - INFO - Exited the load_object method of MainUtils class
2024-08-26 10:46:46,275 - 194 - root - INFO - Extracting model config file path
2024-08-26 10:57:25,359 - 229 - root - INFO - Best found model on both training and testing dataset
2024-08-26 10:57:25,360 - 236 - root - INFO - Saving model at path: artifacts\08_26_2024_10_44_22\model_trainer\trained_model\model.pkl
2024-08-26 10:57:25,362 - 41 - root - INFO - Entered the save_object method of MainUtils class
2024-08-26 10:57:25,378 - 47 - root - INFO - Exited the save_object method of MainUtils class
2024-08-26 10:57:25,774 - 229 - root - INFO - Best found model on both training and testing dataset
2024-08-26 10:57:25,775 - 236 - root - INFO - Saving model at path: artifacts\08_26_2024_10_44_22\model_trainer\trained_model\model.pkl
2024-08-26 10:57:25,775 - 41 - root - INFO - Entered the save_object method of MainUtils class
2024-08-26 10:57:25,812 - 47 - root - INFO - Exited the save_object method of MainUtils class
2024-08-26 10:57:26,797 - 1254 - botocore.credentials - INFO - Found credentials in shared credentials file: ~/.aws/credentials
2024-08-26 10:57:27,264 - 225 - werkzeug - INFO - 192.168.28.84 - - [26/Aug/2024 10:57:27] "[35m[1mGET /train HTTP/1.1[0m" 500 -
2024-08-26 10:57:27,719 - 225 - werkzeug - INFO - 192.168.28.84 - - [26/Aug/2024 10:57:27] "GET /train?__debugger__=yes&cmd=resource&f=debugger.js HTTP/1.1" 200 -
2024-08-26 10:57:27,788 - 225 - werkzeug - INFO - 192.168.28.84 - - [26/Aug/2024 10:57:27] "GET /train?__debugger__=yes&cmd=resource&f=style.css HTTP/1.1" 200 -
2024-08-26 10:57:28,484 - 225 - werkzeug - INFO - 192.168.28.84 - - [26/Aug/2024 10:57:28] "GET /train?__debugger__=yes&cmd=resource&f=ubuntu.ttf HTTP/1.1" 200 -
2024-08-26 10:57:28,507 - 225 - werkzeug - INFO - 192.168.28.84 - - [26/Aug/2024 10:57:28] "GET /train?__debugger__=yes&cmd=resource&f=console.png HTTP/1.1" 200 -
2024-08-26 10:57:28,559 - 225 - werkzeug - INFO - 192.168.28.84 - - [26/Aug/2024 10:57:28] "GET /train?__debugger__=yes&cmd=resource&f=console.png HTTP/1.1" 200 -
2024-08-26 10:57:36,925 - 225 - werkzeug - INFO - 127.0.0.1 - - [26/Aug/2024 10:57:36] "GET /train HTTP/1.1" 200 -
2024-08-26 10:58:06,640 - 70 - root - INFO - Entered initiate_data_ingestion method of Data_Ingestion class
2024-08-26 10:58:06,640 - 39 - root - INFO - Exporting data from mongodb
2024-08-26 10:58:06,641 - 24 - root - INFO - Entered the data access method
2024-08-26 10:58:08,232 - 46 - root - INFO - Saving exported data into feature store file path: artifacts\08_26_2024_10_44_22\data_ingestion
2024-08-26 10:58:08,233 - 74 - root - INFO - Exporting collections as DataFrames
2024-08-26 10:58:08,233 - 36 - root - INFO - Fetching collection names from the database
2024-08-26 10:58:19,836 - 38 - root - INFO - Collection names: ['thyroid_ann']
2024-08-26 10:58:19,836 - 48 - root - INFO - Fetching data from collection: thyroid_ann
2024-08-26 10:58:23,391 - 64 - root - INFO - Data fetch from collection: thyroid_ann completed
2024-08-26 10:58:23,402 - 48 - root - INFO - Shape of thyroid_ann: (3772, 22)
2024-08-26 10:58:23,512 - 53 - root - INFO - data uploaded in the corresponding file locationartifacts\08_26_2024_10_44_22\data_ingestion\thyroid_ann.csv
2024-08-26 10:58:23,516 - 75 - root - INFO - Got the data from mongodb
2024-08-26 10:58:23,517 - 77 - root - INFO - Exited initiate_data_ingestion method of Data_Ingestion class
2024-08-26 10:58:23,517 - 24 - root - INFO - Entered into DataValidation class
2024-08-26 10:58:23,518 - 28 - root - INFO - Exited from DataValidation class
2024-08-26 10:58:23,518 - 125 - root - INFO - Entered initiate_data_validation method of Data_Validation class
2024-08-26 10:58:23,518 - 98 - root - INFO - Entered into validate_raw_files
2024-08-26 10:58:23,519 - 79 - root - INFO - Entered into get_raw_batch_files_paths
2024-08-26 10:58:23,520 - 32 - root - INFO - Entered into valuesFromSchema
2024-08-26 10:58:23,592 - 46 - root - INFO - Entered into validate_file_name
2024-08-26 10:58:23,592 - 57 - root - INFO - Entered into validate_no_of_columns
2024-08-26 10:58:24,209 - 66 - root - INFO - Entered into validate_missing_values_in_whole_column
2024-08-26 10:58:24,274 - 108 - root - INFO - File: artifacts\08_26_2024_10_44_22\data_ingestion\thyroid_ann.csv - Name Validation: True, Column Count Validation: True, Missing Value Validation: True
2024-08-26 10:58:24,275 - 89 - root - INFO - Entered into move_raw_files_to_validation_dir
2024-08-26 10:58:24,522 - 106 - root - INFO - Unwanted spaces removal Successful.Exited the remove_unwanted_spaces method of the Preprocessor class
2024-08-26 10:58:24,625 - 135 - root - INFO - Obtaining preprocessing object
2024-08-26 10:58:24,739 - 103 - root - INFO - Categorical columns: ['v2', 'v3', 'v4', 'v5', 'v6', 'v7', 'v8', 'v9', 'v10', 'v11', 'v12', 'v13', 'v14', 'v15', 'v16']
2024-08-26 10:58:24,739 - 104 - root - INFO - Numerical discrete  columns: []
2024-08-26 10:58:24,740 - 105 - root - INFO - Numerical continuous columns: ['v1', 'v17', 'v18', 'v19', 'v20', 'v21']
2024-08-26 10:58:24,782 - 144 - root - INFO - Applying preprocessing object on training and testing dataframes.
2024-08-26 10:58:24,998 - 151 - root - INFO - Saving preprocessing object.
2024-08-26 10:58:25,005 - 41 - root - INFO - Entered the save_object method of MainUtils class
2024-08-26 10:58:25,036 - 47 - root - INFO - Exited the save_object method of MainUtils class
2024-08-26 10:58:25,036 - 157 - root - INFO - Storing test and train data
2024-08-26 10:58:26,723 - 188 - root - INFO - Splitting training and testing input and target feature
2024-08-26 10:58:26,723 - 190 - root - INFO - Extracting model config file path
2024-08-26 10:58:26,723 - 56 - root - INFO - Entered the load_object method of MainUtils class
2024-08-26 10:58:26,741 - 62 - root - INFO - Exited the load_object method of MainUtils class
2024-08-26 10:58:26,742 - 194 - root - INFO - Extracting model config file path
2024-08-26 10:59:47,745 - 70 - root - INFO - Entered initiate_data_ingestion method of Data_Ingestion class
2024-08-26 10:59:47,745 - 39 - root - INFO - Exporting data from mongodb
2024-08-26 10:59:47,746 - 24 - root - INFO - Entered the data access method
2024-08-26 10:59:49,668 - 46 - root - INFO - Saving exported data into feature store file path: artifacts\08_26_2024_10_44_22\data_ingestion
2024-08-26 10:59:49,668 - 74 - root - INFO - Exporting collections as DataFrames
2024-08-26 10:59:49,668 - 36 - root - INFO - Fetching collection names from the database
2024-08-26 10:59:52,543 - 38 - root - INFO - Collection names: ['thyroid_ann']
2024-08-26 10:59:52,543 - 48 - root - INFO - Fetching data from collection: thyroid_ann
2024-08-26 10:59:55,286 - 64 - root - INFO - Data fetch from collection: thyroid_ann completed
2024-08-26 10:59:55,342 - 48 - root - INFO - Shape of thyroid_ann: (3772, 22)
2024-08-26 10:59:55,598 - 53 - root - INFO - data uploaded in the corresponding file locationartifacts\08_26_2024_10_44_22\data_ingestion\thyroid_ann.csv
2024-08-26 10:59:55,599 - 75 - root - INFO - Got the data from mongodb
2024-08-26 10:59:55,599 - 77 - root - INFO - Exited initiate_data_ingestion method of Data_Ingestion class
2024-08-26 10:59:55,638 - 24 - root - INFO - Entered into DataValidation class
2024-08-26 10:59:55,639 - 28 - root - INFO - Exited from DataValidation class
2024-08-26 10:59:55,639 - 125 - root - INFO - Entered initiate_data_validation method of Data_Validation class
2024-08-26 10:59:55,639 - 98 - root - INFO - Entered into validate_raw_files
2024-08-26 10:59:55,639 - 79 - root - INFO - Entered into get_raw_batch_files_paths
2024-08-26 10:59:55,641 - 32 - root - INFO - Entered into valuesFromSchema
2024-08-26 10:59:55,644 - 46 - root - INFO - Entered into validate_file_name
2024-08-26 10:59:55,644 - 57 - root - INFO - Entered into validate_no_of_columns
2024-08-26 10:59:55,776 - 66 - root - INFO - Entered into validate_missing_values_in_whole_column
2024-08-26 10:59:55,880 - 108 - root - INFO - File: artifacts\08_26_2024_10_44_22\data_ingestion\thyroid_ann.csv - Name Validation: True, Column Count Validation: True, Missing Value Validation: True
2024-08-26 10:59:55,881 - 89 - root - INFO - Entered into move_raw_files_to_validation_dir
2024-08-26 10:59:55,960 - 106 - root - INFO - Unwanted spaces removal Successful.Exited the remove_unwanted_spaces method of the Preprocessor class
2024-08-26 10:59:56,870 - 135 - root - INFO - Obtaining preprocessing object
2024-08-26 10:59:56,933 - 103 - root - INFO - Categorical columns: ['v2', 'v3', 'v4', 'v5', 'v6', 'v7', 'v8', 'v9', 'v10', 'v11', 'v12', 'v13', 'v14', 'v15', 'v16']
2024-08-26 10:59:56,934 - 104 - root - INFO - Numerical discrete  columns: []
2024-08-26 10:59:56,934 - 105 - root - INFO - Numerical continuous columns: ['v1', 'v17', 'v18', 'v19', 'v20', 'v21']
2024-08-26 10:59:56,947 - 144 - root - INFO - Applying preprocessing object on training and testing dataframes.
2024-08-26 10:59:57,146 - 151 - root - INFO - Saving preprocessing object.
2024-08-26 10:59:57,147 - 41 - root - INFO - Entered the save_object method of MainUtils class
2024-08-26 10:59:57,149 - 47 - root - INFO - Exited the save_object method of MainUtils class
2024-08-26 10:59:57,149 - 157 - root - INFO - Storing test and train data
2024-08-26 10:59:58,766 - 188 - root - INFO - Splitting training and testing input and target feature
2024-08-26 10:59:58,766 - 190 - root - INFO - Extracting model config file path
2024-08-26 10:59:58,766 - 56 - root - INFO - Entered the load_object method of MainUtils class
2024-08-26 10:59:58,769 - 62 - root - INFO - Exited the load_object method of MainUtils class
2024-08-26 10:59:58,770 - 194 - root - INFO - Extracting model config file path
2024-08-26 11:02:40,686 - 70 - root - INFO - Entered initiate_data_ingestion method of Data_Ingestion class
2024-08-26 11:02:40,686 - 39 - root - INFO - Exporting data from mongodb
2024-08-26 11:02:40,688 - 24 - root - INFO - Entered the data access method
2024-08-26 11:03:39,891 - 225 - werkzeug - INFO - 127.0.0.1 - - [26/Aug/2024 11:03:39] "[35m[1mGET /train HTTP/1.1[0m" 500 -
2024-08-26 11:05:51,991 - 70 - root - INFO - Entered initiate_data_ingestion method of Data_Ingestion class
2024-08-26 11:05:51,992 - 39 - root - INFO - Exporting data from mongodb
2024-08-26 11:05:51,992 - 24 - root - INFO - Entered the data access method
2024-08-26 11:05:54,503 - 46 - root - INFO - Saving exported data into feature store file path: artifacts\08_26_2024_10_44_22\data_ingestion
2024-08-26 11:05:54,503 - 74 - root - INFO - Exporting collections as DataFrames
2024-08-26 11:05:54,503 - 36 - root - INFO - Fetching collection names from the database
2024-08-26 11:06:00,317 - 38 - root - INFO - Collection names: ['thyroid_ann']
2024-08-26 11:06:00,318 - 48 - root - INFO - Fetching data from collection: thyroid_ann
2024-08-26 11:06:02,255 - 64 - root - INFO - Data fetch from collection: thyroid_ann completed
2024-08-26 11:06:02,263 - 48 - root - INFO - Shape of thyroid_ann: (3772, 22)
2024-08-26 11:06:02,397 - 53 - root - INFO - data uploaded in the corresponding file locationartifacts\08_26_2024_10_44_22\data_ingestion\thyroid_ann.csv
2024-08-26 11:06:02,398 - 75 - root - INFO - Got the data from mongodb
2024-08-26 11:06:02,398 - 77 - root - INFO - Exited initiate_data_ingestion method of Data_Ingestion class
2024-08-26 11:06:02,399 - 24 - root - INFO - Entered into DataValidation class
2024-08-26 11:06:02,399 - 28 - root - INFO - Exited from DataValidation class
2024-08-26 11:06:02,399 - 125 - root - INFO - Entered initiate_data_validation method of Data_Validation class
2024-08-26 11:06:02,399 - 98 - root - INFO - Entered into validate_raw_files
2024-08-26 11:06:02,399 - 79 - root - INFO - Entered into get_raw_batch_files_paths
2024-08-26 11:06:02,399 - 32 - root - INFO - Entered into valuesFromSchema
2024-08-26 11:06:02,525 - 46 - root - INFO - Entered into validate_file_name
2024-08-26 11:06:02,525 - 57 - root - INFO - Entered into validate_no_of_columns
2024-08-26 11:06:29,367 - 66 - root - INFO - Entered into validate_missing_values_in_whole_column
2024-08-26 11:06:29,407 - 108 - root - INFO - File: artifacts\08_26_2024_10_44_22\data_ingestion\thyroid_ann.csv - Name Validation: True, Column Count Validation: True, Missing Value Validation: True
2024-08-26 11:06:29,408 - 89 - root - INFO - Entered into move_raw_files_to_validation_dir
2024-08-26 11:06:29,669 - 106 - root - INFO - Unwanted spaces removal Successful.Exited the remove_unwanted_spaces method of the Preprocessor class
2024-08-26 11:06:30,553 - 135 - root - INFO - Obtaining preprocessing object
2024-08-26 11:06:30,618 - 103 - root - INFO - Categorical columns: ['v2', 'v3', 'v4', 'v5', 'v6', 'v7', 'v8', 'v9', 'v10', 'v11', 'v12', 'v13', 'v14', 'v15', 'v16']
2024-08-26 11:06:30,619 - 104 - root - INFO - Numerical discrete  columns: []
2024-08-26 11:06:30,619 - 105 - root - INFO - Numerical continuous columns: ['v1', 'v17', 'v18', 'v19', 'v20', 'v21']
2024-08-26 11:06:30,629 - 144 - root - INFO - Applying preprocessing object on training and testing dataframes.
2024-08-26 11:06:30,774 - 151 - root - INFO - Saving preprocessing object.
2024-08-26 11:06:30,774 - 41 - root - INFO - Entered the save_object method of MainUtils class
2024-08-26 11:06:30,777 - 47 - root - INFO - Exited the save_object method of MainUtils class
2024-08-26 11:06:30,777 - 157 - root - INFO - Storing test and train data
2024-08-26 11:06:32,096 - 188 - root - INFO - Splitting training and testing input and target feature
2024-08-26 11:06:32,096 - 190 - root - INFO - Extracting model config file path
2024-08-26 11:06:32,097 - 56 - root - INFO - Entered the load_object method of MainUtils class
2024-08-26 11:06:32,123 - 62 - root - INFO - Exited the load_object method of MainUtils class
2024-08-26 11:06:32,123 - 194 - root - INFO - Extracting model config file path
2024-08-26 11:07:34,429 - 70 - root - INFO - Entered initiate_data_ingestion method of Data_Ingestion class
2024-08-26 11:07:34,429 - 39 - root - INFO - Exporting data from mongodb
2024-08-26 11:07:34,429 - 24 - root - INFO - Entered the data access method
2024-08-26 11:07:34,946 - 46 - root - INFO - Saving exported data into feature store file path: artifacts\08_26_2024_10_44_22\data_ingestion
2024-08-26 11:07:34,946 - 74 - root - INFO - Exporting collections as DataFrames
2024-08-26 11:07:34,946 - 36 - root - INFO - Fetching collection names from the database
2024-08-26 11:07:38,575 - 38 - root - INFO - Collection names: ['thyroid_ann']
2024-08-26 11:07:38,575 - 48 - root - INFO - Fetching data from collection: thyroid_ann
2024-08-26 11:08:32,580 - 229 - root - INFO - Best found model on both training and testing dataset
2024-08-26 11:08:32,580 - 236 - root - INFO - Saving model at path: artifacts\08_26_2024_10_44_22\model_trainer\trained_model\model.pkl
2024-08-26 11:08:32,580 - 41 - root - INFO - Entered the save_object method of MainUtils class
2024-08-26 11:08:32,644 - 47 - root - INFO - Exited the save_object method of MainUtils class
2024-08-26 11:09:43,277 - 225 - werkzeug - INFO - 127.0.0.1 - - [26/Aug/2024 11:09:43] "GET /train HTTP/1.1" 200 -
