2024-08-25 23:30:42,087 - 225 - werkzeug - WARNING -  * Debugger is active!
2024-08-25 23:30:42,594 - 225 - werkzeug - INFO -  * Debugger PIN: 525-192-228
2024-08-25 23:30:44,551 - 225 - werkzeug - INFO -  * Running on http://127.0.0.1:5000/ (Press CTRL+C to quit)
2024-08-25 23:32:42,453 - 225 - werkzeug - INFO - 127.0.0.1 - - [25/Aug/2024 23:32:42] "GET / HTTP/1.1" 200 -
2024-08-25 23:32:42,644 - 225 - werkzeug - INFO - 127.0.0.1 - - [25/Aug/2024 23:32:42] "[33mGET /favicon.ico HTTP/1.1[0m" 404 -
2024-08-25 23:32:48,107 - 70 - root - INFO - Entered initiate_data_ingestion method of Data_Ingestion class
2024-08-25 23:32:48,117 - 39 - root - INFO - Exporting data from mongodb
2024-08-25 23:32:48,118 - 24 - root - INFO - Entered the data access method
2024-08-25 23:32:59,181 - 46 - root - INFO - Saving exported data into feature store file path: artifacts\08_25_2024_23_30_16\data_ingestion
2024-08-25 23:32:59,181 - 74 - root - INFO - Exporting collections as DataFrames
2024-08-25 23:32:59,182 - 36 - root - INFO - Fetching collection names from the database
2024-08-25 23:33:01,852 - 38 - root - INFO - Collection names: ['thyroid_ann']
2024-08-25 23:33:01,853 - 48 - root - INFO - Fetching data from collection: thyroid_ann
2024-08-25 23:33:05,198 - 64 - root - INFO - Data fetch from collection: thyroid_ann completed
2024-08-25 23:33:05,205 - 48 - root - INFO - Shape of thyroid_ann: (3772, 22)
2024-08-25 23:33:05,430 - 53 - root - INFO - data uploaded in the corresponding file locationartifacts\08_25_2024_23_30_16\data_ingestion\thyroid_ann.csv
2024-08-25 23:33:05,448 - 75 - root - INFO - Got the data from mongodb
2024-08-25 23:33:05,448 - 77 - root - INFO - Exited initiate_data_ingestion method of Data_Ingestion class
2024-08-25 23:33:05,448 - 24 - root - INFO - Entered into DataValidation class
2024-08-25 23:33:05,448 - 28 - root - INFO - Exited from DataValidation class
2024-08-25 23:33:05,449 - 125 - root - INFO - Entered initiate_data_validation method of Data_Validation class
2024-08-25 23:33:05,449 - 98 - root - INFO - Entered into validate_raw_files
2024-08-25 23:33:05,449 - 79 - root - INFO - Entered into get_raw_batch_files_paths
2024-08-25 23:33:05,449 - 32 - root - INFO - Entered into valuesFromSchema
2024-08-25 23:33:05,559 - 46 - root - INFO - Entered into validate_file_name
2024-08-25 23:33:05,559 - 57 - root - INFO - Entered into validate_no_of_columns
2024-08-25 23:33:06,060 - 66 - root - INFO - Entered into validate_missing_values_in_whole_column
2024-08-25 23:33:06,090 - 108 - root - INFO - File: artifacts\08_25_2024_23_30_16\data_ingestion\thyroid_ann.csv - Name Validation: True, Column Count Validation: True, Missing Value Validation: True
2024-08-25 23:33:06,091 - 89 - root - INFO - Entered into move_raw_files_to_validation_dir
2024-08-25 23:33:06,113 - 106 - root - INFO - Unwanted spaces removal Successful.Exited the remove_unwanted_spaces method of the Preprocessor class
2024-08-25 23:33:09,276 - 135 - root - INFO - Obtaining preprocessing object
2024-08-25 23:33:09,351 - 103 - root - INFO - Categorical columns: ['v2', 'v3', 'v4', 'v5', 'v6', 'v7', 'v8', 'v9', 'v10', 'v11', 'v12', 'v13', 'v14', 'v15', 'v16']
2024-08-25 23:33:09,351 - 104 - root - INFO - Numerical discrete  columns: []
2024-08-25 23:33:09,351 - 105 - root - INFO - Numerical continuous columns: ['v1', 'v17', 'v18', 'v19', 'v20', 'v21']
2024-08-25 23:33:09,375 - 144 - root - INFO - Applying preprocessing object on training and testing dataframes.
2024-08-25 23:33:09,779 - 151 - root - INFO - Saving preprocessing object.
2024-08-25 23:33:09,788 - 41 - root - INFO - Entered the save_object method of MainUtils class
2024-08-25 23:33:09,816 - 47 - root - INFO - Exited the save_object method of MainUtils class
2024-08-25 23:33:09,816 - 157 - root - INFO - Storing test and train data
2024-08-25 23:33:10,462 - 188 - root - INFO - Splitting training and testing input and target feature
2024-08-25 23:33:10,462 - 190 - root - INFO - Extracting model config file path
2024-08-25 23:33:10,462 - 56 - root - INFO - Entered the load_object method of MainUtils class
2024-08-25 23:33:10,485 - 62 - root - INFO - Exited the load_object method of MainUtils class
2024-08-25 23:33:10,485 - 194 - root - INFO - Extracting model config file path
