2024-08-26 11:12:29,202 - 225 - werkzeug - WARNING -  * Debugger is active!
2024-08-26 11:12:29,435 - 225 - werkzeug - INFO -  * Debugger PIN: 525-192-228
2024-08-26 11:12:30,949 - 225 - werkzeug - WARNING -  * Running on all addresses.
   WARNING: This is a development server. Do not use it in a production deployment.
2024-08-26 11:12:30,950 - 225 - werkzeug - INFO -  * Running on http://192.168.28.84:5000/ (Press CTRL+C to quit)
2024-08-26 11:12:43,805 - 70 - root - INFO - Entered initiate_data_ingestion method of Data_Ingestion class
2024-08-26 11:12:43,807 - 39 - root - INFO - Exporting data from mongodb
2024-08-26 11:12:43,815 - 24 - root - INFO - Entered the data access method
2024-08-26 11:12:45,741 - 46 - root - INFO - Saving exported data into feature store file path: artifacts\08_26_2024_11_12_25\data_ingestion
2024-08-26 11:12:45,741 - 74 - root - INFO - Exporting collections as DataFrames
2024-08-26 11:12:45,741 - 36 - root - INFO - Fetching collection names from the database
2024-08-26 11:12:48,544 - 38 - root - INFO - Collection names: ['thyroid_ann']
2024-08-26 11:12:48,545 - 48 - root - INFO - Fetching data from collection: thyroid_ann
2024-08-26 11:12:50,550 - 64 - root - INFO - Data fetch from collection: thyroid_ann completed
2024-08-26 11:12:50,555 - 48 - root - INFO - Shape of thyroid_ann: (3772, 22)
2024-08-26 11:12:50,640 - 53 - root - INFO - data uploaded in the corresponding file locationartifacts\08_26_2024_11_12_25\data_ingestion\thyroid_ann.csv
2024-08-26 11:12:50,641 - 75 - root - INFO - Got the data from mongodb
2024-08-26 11:12:50,641 - 77 - root - INFO - Exited initiate_data_ingestion method of Data_Ingestion class
2024-08-26 11:12:50,641 - 24 - root - INFO - Entered into DataValidation class
2024-08-26 11:12:50,642 - 28 - root - INFO - Exited from DataValidation class
2024-08-26 11:12:50,642 - 125 - root - INFO - Entered initiate_data_validation method of Data_Validation class
2024-08-26 11:12:50,642 - 98 - root - INFO - Entered into validate_raw_files
2024-08-26 11:12:50,642 - 79 - root - INFO - Entered into get_raw_batch_files_paths
2024-08-26 11:12:50,643 - 32 - root - INFO - Entered into valuesFromSchema
2024-08-26 11:12:50,643 - 46 - root - INFO - Entered into validate_file_name
2024-08-26 11:12:50,644 - 57 - root - INFO - Entered into validate_no_of_columns
2024-08-26 11:12:50,795 - 66 - root - INFO - Entered into validate_missing_values_in_whole_column
2024-08-26 11:12:50,815 - 108 - root - INFO - File: artifacts\08_26_2024_11_12_25\data_ingestion\thyroid_ann.csv - Name Validation: True, Column Count Validation: True, Missing Value Validation: True
2024-08-26 11:12:50,816 - 89 - root - INFO - Entered into move_raw_files_to_validation_dir
2024-08-26 11:12:50,845 - 106 - root - INFO - Unwanted spaces removal Successful.Exited the remove_unwanted_spaces method of the Preprocessor class
2024-08-26 11:12:53,735 - 135 - root - INFO - Obtaining preprocessing object
2024-08-26 11:12:53,761 - 103 - root - INFO - Categorical columns: ['v2', 'v3', 'v4', 'v5', 'v6', 'v7', 'v8', 'v9', 'v10', 'v11', 'v12', 'v13', 'v14', 'v15', 'v16']
2024-08-26 11:12:53,762 - 104 - root - INFO - Numerical discrete  columns: []
2024-08-26 11:12:53,762 - 105 - root - INFO - Numerical continuous columns: ['v1', 'v17', 'v18', 'v19', 'v20', 'v21']
2024-08-26 11:12:53,770 - 144 - root - INFO - Applying preprocessing object on training and testing dataframes.
2024-08-26 11:12:53,843 - 151 - root - INFO - Saving preprocessing object.
2024-08-26 11:12:53,874 - 41 - root - INFO - Entered the save_object method of MainUtils class
2024-08-26 11:12:53,876 - 47 - root - INFO - Exited the save_object method of MainUtils class
2024-08-26 11:12:53,876 - 157 - root - INFO - Storing test and train data
2024-08-26 11:12:54,626 - 188 - root - INFO - Splitting training and testing input and target feature
2024-08-26 11:12:54,627 - 190 - root - INFO - Extracting model config file path
2024-08-26 11:12:54,627 - 56 - root - INFO - Entered the load_object method of MainUtils class
2024-08-26 11:12:54,629 - 62 - root - INFO - Exited the load_object method of MainUtils class
2024-08-26 11:12:54,630 - 194 - root - INFO - Extracting model config file path
2024-08-26 11:15:54,687 - 70 - root - INFO - Entered initiate_data_ingestion method of Data_Ingestion class
2024-08-26 11:15:54,688 - 39 - root - INFO - Exporting data from mongodb
2024-08-26 11:15:54,688 - 24 - root - INFO - Entered the data access method
2024-08-26 11:15:56,622 - 46 - root - INFO - Saving exported data into feature store file path: artifacts\08_26_2024_11_12_25\data_ingestion
2024-08-26 11:15:56,622 - 74 - root - INFO - Exporting collections as DataFrames
2024-08-26 11:15:56,622 - 36 - root - INFO - Fetching collection names from the database
2024-08-26 11:15:59,367 - 38 - root - INFO - Collection names: ['thyroid_ann']
2024-08-26 11:15:59,367 - 48 - root - INFO - Fetching data from collection: thyroid_ann
2024-08-26 11:16:00,950 - 64 - root - INFO - Data fetch from collection: thyroid_ann completed
2024-08-26 11:16:00,957 - 48 - root - INFO - Shape of thyroid_ann: (3772, 22)
2024-08-26 11:16:01,125 - 53 - root - INFO - data uploaded in the corresponding file locationartifacts\08_26_2024_11_12_25\data_ingestion\thyroid_ann.csv
2024-08-26 11:16:01,126 - 75 - root - INFO - Got the data from mongodb
2024-08-26 11:16:01,127 - 77 - root - INFO - Exited initiate_data_ingestion method of Data_Ingestion class
2024-08-26 11:16:01,127 - 24 - root - INFO - Entered into DataValidation class
2024-08-26 11:16:01,127 - 28 - root - INFO - Exited from DataValidation class
2024-08-26 11:16:01,128 - 125 - root - INFO - Entered initiate_data_validation method of Data_Validation class
2024-08-26 11:16:01,128 - 98 - root - INFO - Entered into validate_raw_files
2024-08-26 11:16:01,128 - 79 - root - INFO - Entered into get_raw_batch_files_paths
2024-08-26 11:16:01,128 - 32 - root - INFO - Entered into valuesFromSchema
2024-08-26 11:16:01,129 - 46 - root - INFO - Entered into validate_file_name
2024-08-26 11:16:01,129 - 57 - root - INFO - Entered into validate_no_of_columns
2024-08-26 11:16:01,341 - 66 - root - INFO - Entered into validate_missing_values_in_whole_column
2024-08-26 11:16:01,388 - 108 - root - INFO - File: artifacts\08_26_2024_11_12_25\data_ingestion\thyroid_ann.csv - Name Validation: True, Column Count Validation: True, Missing Value Validation: True
2024-08-26 11:16:01,389 - 89 - root - INFO - Entered into move_raw_files_to_validation_dir
2024-08-26 11:16:01,414 - 106 - root - INFO - Unwanted spaces removal Successful.Exited the remove_unwanted_spaces method of the Preprocessor class
2024-08-26 11:16:02,162 - 135 - root - INFO - Obtaining preprocessing object
2024-08-26 11:16:02,213 - 103 - root - INFO - Categorical columns: ['v2', 'v3', 'v4', 'v5', 'v6', 'v7', 'v8', 'v9', 'v10', 'v11', 'v12', 'v13', 'v14', 'v15', 'v16']
2024-08-26 11:16:02,213 - 104 - root - INFO - Numerical discrete  columns: []
2024-08-26 11:16:02,213 - 105 - root - INFO - Numerical continuous columns: ['v1', 'v17', 'v18', 'v19', 'v20', 'v21']
2024-08-26 11:16:02,222 - 144 - root - INFO - Applying preprocessing object on training and testing dataframes.
2024-08-26 11:16:02,350 - 151 - root - INFO - Saving preprocessing object.
2024-08-26 11:16:02,351 - 41 - root - INFO - Entered the save_object method of MainUtils class
2024-08-26 11:16:02,352 - 47 - root - INFO - Exited the save_object method of MainUtils class
2024-08-26 11:16:02,371 - 157 - root - INFO - Storing test and train data
2024-08-26 11:16:04,098 - 188 - root - INFO - Splitting training and testing input and target feature
2024-08-26 11:16:04,098 - 190 - root - INFO - Extracting model config file path
2024-08-26 11:16:04,098 - 56 - root - INFO - Entered the load_object method of MainUtils class
2024-08-26 11:16:04,101 - 62 - root - INFO - Exited the load_object method of MainUtils class
2024-08-26 11:16:04,101 - 194 - root - INFO - Extracting model config file path
2024-08-26 11:18:14,297 - 229 - root - INFO - Best found model on both training and testing dataset
2024-08-26 11:18:14,297 - 236 - root - INFO - Saving model at path: artifacts\08_26_2024_11_12_25\model_trainer\trained_model\model.pkl
2024-08-26 11:18:14,298 - 41 - root - INFO - Entered the save_object method of MainUtils class
2024-08-26 11:18:14,335 - 47 - root - INFO - Exited the save_object method of MainUtils class
2024-08-26 11:18:15,335 - 1254 - botocore.credentials - INFO - Found credentials in shared credentials file: ~/.aws/credentials
2024-08-26 11:18:25,370 - 225 - werkzeug - INFO - 127.0.0.1 - - [26/Aug/2024 11:18:25] "GET /train HTTP/1.1" 200 -
2024-08-26 11:22:45,431 - 229 - root - INFO - Best found model on both training and testing dataset
2024-08-26 11:22:45,431 - 236 - root - INFO - Saving model at path: artifacts\08_26_2024_11_12_25\model_trainer\trained_model\model.pkl
2024-08-26 11:22:45,432 - 41 - root - INFO - Entered the save_object method of MainUtils class
2024-08-26 11:22:45,440 - 47 - root - INFO - Exited the save_object method of MainUtils class
2024-08-26 11:23:51,453 - 225 - werkzeug - INFO - 127.0.0.1 - - [26/Aug/2024 11:23:51] "GET /train HTTP/1.1" 200 -
2024-08-26 11:23:52,905 - 225 - werkzeug - INFO - 127.0.0.1 - - [26/Aug/2024 11:23:52] "[33mGET /favicon.ico HTTP/1.1[0m" 404 -
