2024-08-26 10:28:22,312 - 225 - werkzeug - WARNING -  * Debugger is active!
2024-08-26 10:28:22,552 - 225 - werkzeug - INFO -  * Debugger PIN: 525-192-228
2024-08-26 10:28:24,518 - 225 - werkzeug - WARNING -  * Running on all addresses.
   WARNING: This is a development server. Do not use it in a production deployment.
2024-08-26 10:28:24,519 - 225 - werkzeug - INFO -  * Running on http://192.168.28.84:5000/ (Press CTRL+C to quit)
2024-08-26 10:29:19,853 - 70 - root - INFO - Entered initiate_data_ingestion method of Data_Ingestion class
2024-08-26 10:29:19,854 - 39 - root - INFO - Exporting data from mongodb
2024-08-26 10:29:19,869 - 24 - root - INFO - Entered the data access method
2024-08-26 10:29:25,363 - 225 - werkzeug - INFO - 127.0.0.1 - - [26/Aug/2024 10:29:25] "GET /predict HTTP/1.1" 200 -
2024-08-26 10:29:25,574 - 225 - werkzeug - INFO - 127.0.0.1 - - [26/Aug/2024 10:29:25] "[33mGET /script.js HTTP/1.1[0m" 404 -
2024-08-26 10:29:25,734 - 225 - werkzeug - INFO - 127.0.0.1 - - [26/Aug/2024 10:29:25] "[36mGET /static/css/style.css HTTP/1.1[0m" 304 -
2024-08-26 10:29:32,335 - 46 - root - INFO - Saving exported data into feature store file path: artifacts\08_26_2024_10_28_18\data_ingestion
2024-08-26 10:29:32,335 - 74 - root - INFO - Exporting collections as DataFrames
2024-08-26 10:29:32,336 - 36 - root - INFO - Fetching collection names from the database
2024-08-26 10:29:34,326 - 38 - root - INFO - Collection names: ['thyroid_ann']
2024-08-26 10:29:34,326 - 48 - root - INFO - Fetching data from collection: thyroid_ann
2024-08-26 10:29:37,558 - 64 - root - INFO - Data fetch from collection: thyroid_ann completed
2024-08-26 10:29:37,570 - 48 - root - INFO - Shape of thyroid_ann: (3772, 22)
2024-08-26 10:29:37,817 - 53 - root - INFO - data uploaded in the corresponding file locationartifacts\08_26_2024_10_28_18\data_ingestion\thyroid_ann.csv
2024-08-26 10:29:37,820 - 75 - root - INFO - Got the data from mongodb
2024-08-26 10:29:37,821 - 77 - root - INFO - Exited initiate_data_ingestion method of Data_Ingestion class
2024-08-26 10:29:37,821 - 24 - root - INFO - Entered into DataValidation class
2024-08-26 10:29:37,821 - 28 - root - INFO - Exited from DataValidation class
2024-08-26 10:29:37,821 - 125 - root - INFO - Entered initiate_data_validation method of Data_Validation class
2024-08-26 10:29:37,822 - 98 - root - INFO - Entered into validate_raw_files
2024-08-26 10:29:37,822 - 79 - root - INFO - Entered into get_raw_batch_files_paths
2024-08-26 10:29:37,822 - 32 - root - INFO - Entered into valuesFromSchema
2024-08-26 10:29:37,925 - 46 - root - INFO - Entered into validate_file_name
2024-08-26 10:29:37,925 - 57 - root - INFO - Entered into validate_no_of_columns
2024-08-26 10:29:38,223 - 66 - root - INFO - Entered into validate_missing_values_in_whole_column
2024-08-26 10:29:38,268 - 108 - root - INFO - File: artifacts\08_26_2024_10_28_18\data_ingestion\thyroid_ann.csv - Name Validation: True, Column Count Validation: True, Missing Value Validation: True
2024-08-26 10:29:38,268 - 89 - root - INFO - Entered into move_raw_files_to_validation_dir
2024-08-26 10:29:38,307 - 106 - root - INFO - Unwanted spaces removal Successful.Exited the remove_unwanted_spaces method of the Preprocessor class
2024-08-26 10:29:43,444 - 135 - root - INFO - Obtaining preprocessing object
2024-08-26 10:29:43,584 - 103 - root - INFO - Categorical columns: ['v2', 'v3', 'v4', 'v5', 'v6', 'v7', 'v8', 'v9', 'v10', 'v11', 'v12', 'v13', 'v14', 'v15', 'v16']
2024-08-26 10:29:43,584 - 104 - root - INFO - Numerical discrete  columns: []
2024-08-26 10:29:43,584 - 105 - root - INFO - Numerical continuous columns: ['v1', 'v17', 'v18', 'v19', 'v20', 'v21']
2024-08-26 10:29:43,626 - 144 - root - INFO - Applying preprocessing object on training and testing dataframes.
2024-08-26 10:29:44,637 - 151 - root - INFO - Saving preprocessing object.
2024-08-26 10:29:44,647 - 41 - root - INFO - Entered the save_object method of MainUtils class
2024-08-26 10:29:44,696 - 47 - root - INFO - Exited the save_object method of MainUtils class
2024-08-26 10:29:44,696 - 157 - root - INFO - Storing test and train data
2024-08-26 10:29:45,549 - 188 - root - INFO - Splitting training and testing input and target feature
2024-08-26 10:29:45,550 - 190 - root - INFO - Extracting model config file path
2024-08-26 10:29:45,550 - 56 - root - INFO - Entered the load_object method of MainUtils class
2024-08-26 10:29:45,599 - 62 - root - INFO - Exited the load_object method of MainUtils class
2024-08-26 10:29:45,600 - 194 - root - INFO - Extracting model config file path
2024-08-26 10:36:11,296 - 229 - root - INFO - Best found model on both training and testing dataset
2024-08-26 10:36:11,296 - 236 - root - INFO - Saving model at path: artifacts\08_26_2024_10_28_18\model_trainer\trained_model\model.pkl
2024-08-26 10:36:11,298 - 41 - root - INFO - Entered the save_object method of MainUtils class
2024-08-26 10:36:11,354 - 47 - root - INFO - Exited the save_object method of MainUtils class
2024-08-26 10:36:18,075 - 1254 - botocore.credentials - INFO - Found credentials in shared credentials file: ~/.aws/credentials
2024-08-26 10:36:31,078 - 225 - werkzeug - INFO - 127.0.0.1 - - [26/Aug/2024 10:36:31] "[35m[1mGET /train HTTP/1.1[0m" 500 -
2024-08-26 10:36:33,806 - 225 - werkzeug - INFO - 127.0.0.1 - - [26/Aug/2024 10:36:33] "GET /train?__debugger__=yes&cmd=resource&f=style.css HTTP/1.1" 200 -
2024-08-26 10:36:35,129 - 225 - werkzeug - INFO - 127.0.0.1 - - [26/Aug/2024 10:36:35] "GET /train?__debugger__=yes&cmd=resource&f=debugger.js HTTP/1.1" 200 -
2024-08-26 10:36:36,359 - 225 - werkzeug - INFO - 127.0.0.1 - - [26/Aug/2024 10:36:36] "GET /train?__debugger__=yes&cmd=resource&f=console.png HTTP/1.1" 200 -
2024-08-26 10:36:36,371 - 225 - werkzeug - INFO - 127.0.0.1 - - [26/Aug/2024 10:36:36] "GET /train?__debugger__=yes&cmd=resource&f=ubuntu.ttf HTTP/1.1" 200 -
2024-08-26 10:36:36,537 - 225 - werkzeug - INFO - 127.0.0.1 - - [26/Aug/2024 10:36:36] "GET /train?__debugger__=yes&cmd=resource&f=console.png HTTP/1.1" 200 -
