2024-08-26 00:03:27,634 - 225 - werkzeug - WARNING -  * Debugger is active!
2024-08-26 00:03:28,357 - 225 - werkzeug - INFO -  * Debugger PIN: 525-192-228
2024-08-26 00:03:29,871 - 225 - werkzeug - INFO -  * Running on http://127.0.0.1:5000/ (Press CTRL+C to quit)
2024-08-26 00:05:06,125 - 70 - root - INFO - Entered initiate_data_ingestion method of Data_Ingestion class
2024-08-26 00:05:06,125 - 39 - root - INFO - Exporting data from mongodb
2024-08-26 00:05:06,144 - 24 - root - INFO - Entered the data access method
2024-08-26 00:05:08,197 - 46 - root - INFO - Saving exported data into feature store file path: artifacts\08_26_2024_00_03_25\data_ingestion
2024-08-26 00:05:08,228 - 74 - root - INFO - Exporting collections as DataFrames
2024-08-26 00:05:08,228 - 36 - root - INFO - Fetching collection names from the database
2024-08-26 00:05:09,202 - 38 - root - INFO - Collection names: ['thyroid_ann']
2024-08-26 00:05:09,202 - 48 - root - INFO - Fetching data from collection: thyroid_ann
2024-08-26 00:05:11,337 - 64 - root - INFO - Data fetch from collection: thyroid_ann completed
2024-08-26 00:05:11,342 - 48 - root - INFO - Shape of thyroid_ann: (3772, 22)
2024-08-26 00:05:11,595 - 53 - root - INFO - data uploaded in the corresponding file locationartifacts\08_26_2024_00_03_25\data_ingestion\thyroid_ann.csv
2024-08-26 00:05:11,607 - 75 - root - INFO - Got the data from mongodb
2024-08-26 00:05:11,607 - 77 - root - INFO - Exited initiate_data_ingestion method of Data_Ingestion class
2024-08-26 00:05:11,607 - 24 - root - INFO - Entered into DataValidation class
2024-08-26 00:05:11,607 - 28 - root - INFO - Exited from DataValidation class
2024-08-26 00:05:11,607 - 125 - root - INFO - Entered initiate_data_validation method of Data_Validation class
2024-08-26 00:05:11,608 - 98 - root - INFO - Entered into validate_raw_files
2024-08-26 00:05:11,608 - 79 - root - INFO - Entered into get_raw_batch_files_paths
2024-08-26 00:05:11,608 - 32 - root - INFO - Entered into valuesFromSchema
2024-08-26 00:05:11,665 - 46 - root - INFO - Entered into validate_file_name
2024-08-26 00:05:11,665 - 57 - root - INFO - Entered into validate_no_of_columns
2024-08-26 00:05:14,275 - 66 - root - INFO - Entered into validate_missing_values_in_whole_column
2024-08-26 00:05:14,366 - 108 - root - INFO - File: artifacts\08_26_2024_00_03_25\data_ingestion\thyroid_ann.csv - Name Validation: True, Column Count Validation: True, Missing Value Validation: True
2024-08-26 00:05:14,366 - 89 - root - INFO - Entered into move_raw_files_to_validation_dir
2024-08-26 00:05:14,391 - 106 - root - INFO - Unwanted spaces removal Successful.Exited the remove_unwanted_spaces method of the Preprocessor class
2024-08-26 00:05:19,458 - 135 - root - INFO - Obtaining preprocessing object
2024-08-26 00:05:19,530 - 103 - root - INFO - Categorical columns: ['v2', 'v3', 'v4', 'v5', 'v6', 'v7', 'v8', 'v9', 'v10', 'v11', 'v12', 'v13', 'v14', 'v15', 'v16']
2024-08-26 00:05:19,530 - 104 - root - INFO - Numerical discrete  columns: []
2024-08-26 00:05:19,530 - 105 - root - INFO - Numerical continuous columns: ['v1', 'v17', 'v18', 'v19', 'v20', 'v21']
2024-08-26 00:05:19,547 - 144 - root - INFO - Applying preprocessing object on training and testing dataframes.
2024-08-26 00:05:20,120 - 151 - root - INFO - Saving preprocessing object.
2024-08-26 00:05:20,131 - 41 - root - INFO - Entered the save_object method of MainUtils class
2024-08-26 00:05:20,177 - 47 - root - INFO - Exited the save_object method of MainUtils class
2024-08-26 00:05:20,178 - 157 - root - INFO - Storing test and train data
2024-08-26 00:05:21,137 - 188 - root - INFO - Splitting training and testing input and target feature
2024-08-26 00:05:21,137 - 190 - root - INFO - Extracting model config file path
2024-08-26 00:05:21,138 - 56 - root - INFO - Entered the load_object method of MainUtils class
2024-08-26 00:05:21,140 - 62 - root - INFO - Exited the load_object method of MainUtils class
2024-08-26 00:05:21,140 - 194 - root - INFO - Extracting model config file path
2024-08-26 00:11:50,982 - 229 - root - INFO - Best found model on both training and testing dataset
2024-08-26 00:11:51,373 - 236 - root - INFO - Saving model at path: artifacts\08_26_2024_00_03_25\model_trainer\trained_model\model.pkl
2024-08-26 00:11:51,404 - 41 - root - INFO - Entered the save_object method of MainUtils class
2024-08-26 00:11:51,575 - 47 - root - INFO - Exited the save_object method of MainUtils class
2024-08-26 00:12:07,334 - 1254 - botocore.credentials - INFO - Found credentials in shared credentials file: ~/.aws/credentials
2024-08-26 00:12:17,985 - 225 - werkzeug - INFO - 127.0.0.1 - - [26/Aug/2024 00:12:17] "GET /train HTTP/1.1" 200 -
2024-08-26 00:14:44,852 - 225 - werkzeug - INFO - 127.0.0.1 - - [26/Aug/2024 00:14:44] "GET /predict HTTP/1.1" 200 -
2024-08-26 00:14:45,041 - 225 - werkzeug - INFO - 127.0.0.1 - - [26/Aug/2024 00:14:45] "[36mGET /static/css/style.css HTTP/1.1[0m" 304 -
2024-08-26 00:14:45,492 - 225 - werkzeug - INFO - 127.0.0.1 - - [26/Aug/2024 00:14:45] "[33mGET /script.js HTTP/1.1[0m" 404 -
2024-08-26 00:15:01,879 - 69 - root - INFO - Directory created or exists: prediction_artifacts
2024-08-26 00:15:02,071 - 73 - root - INFO - Saving file to: prediction_artifacts\test_ann.csv
2024-08-26 00:15:06,445 - 56 - root - INFO - Entered the load_object method of MainUtils class
2024-08-26 00:15:06,577 - 62 - root - INFO - Exited the load_object method of MainUtils class
2024-08-26 00:15:06,577 - 42 - root - INFO - Entered predict method of srcTruckModel class
2024-08-26 00:15:06,577 - 45 - root - INFO - Using the trained model to get predictions
2024-08-26 00:15:12,162 - 225 - werkzeug - INFO - 127.0.0.1 - - [26/Aug/2024 00:15:12] "[35m[1mPOST /predict HTTP/1.1[0m" 500 -
2024-08-26 00:15:12,670 - 225 - werkzeug - INFO - 127.0.0.1 - - [26/Aug/2024 00:15:12] "GET /predict?__debugger__=yes&cmd=resource&f=debugger.js HTTP/1.1" 200 -
2024-08-26 00:15:12,684 - 225 - werkzeug - INFO - 127.0.0.1 - - [26/Aug/2024 00:15:12] "GET /predict?__debugger__=yes&cmd=resource&f=style.css HTTP/1.1" 200 -
2024-08-26 00:15:15,703 - 225 - werkzeug - INFO - 127.0.0.1 - - [26/Aug/2024 00:15:15] "GET /predict?__debugger__=yes&cmd=resource&f=console.png HTTP/1.1" 200 -
2024-08-26 00:15:15,835 - 225 - werkzeug - INFO - 127.0.0.1 - - [26/Aug/2024 00:15:15] "GET /predict?__debugger__=yes&cmd=resource&f=ubuntu.ttf HTTP/1.1" 200 -
2024-08-26 00:15:15,854 - 225 - werkzeug - INFO - 127.0.0.1 - - [26/Aug/2024 00:15:15] "GET /predict?__debugger__=yes&cmd=resource&f=console.png HTTP/1.1" 200 -
2024-08-26 00:31:24,114 - 225 - werkzeug - INFO - 127.0.0.1 - - [26/Aug/2024 00:31:23] "GET /predict HTTP/1.1" 200 -
2024-08-26 00:31:30,186 - 225 - werkzeug - INFO - 127.0.0.1 - - [26/Aug/2024 00:31:30] "[33mGET /script.js HTTP/1.1[0m" 404 -
2024-08-26 00:31:30,616 - 225 - werkzeug - INFO - 127.0.0.1 - - [26/Aug/2024 00:31:30] "[36mGET /static/css/style.css HTTP/1.1[0m" 304 -
2024-08-26 00:32:10,380 - 69 - root - INFO - Directory created or exists: prediction_artifacts
2024-08-26 00:32:11,107 - 73 - root - INFO - Saving file to: prediction_artifacts\test1_ann.csv
2024-08-26 00:32:25,655 - 56 - root - INFO - Entered the load_object method of MainUtils class
2024-08-26 00:32:26,632 - 62 - root - INFO - Exited the load_object method of MainUtils class
2024-08-26 00:32:26,632 - 42 - root - INFO - Entered predict method of srcTruckModel class
2024-08-26 00:32:26,633 - 45 - root - INFO - Using the trained model to get predictions
2024-08-26 00:32:35,584 - 49 - root - INFO - Used the trained model to get predictions
2024-08-26 00:32:40,194 - 110 - root - INFO - predictions completed. 
2024-08-26 00:32:40,195 - 35 - root - INFO - prediction completed. Downloading prediction file.
2024-08-26 00:32:42,439 - 225 - werkzeug - INFO - 127.0.0.1 - - [26/Aug/2024 00:32:42] "POST /predict HTTP/1.1" 200 -
